STEP translation to Solid Edge
Date: onsdag,november 23,2022 10:34
Source File: C:\Users\rimmie\OneDrive - KTH\PhD\Course work\MF2104- Mechatronics\mechatronic-project\CAD_files\Spur Gear 28 & 29 Teeth.stp
Author: Unknown
Organization: Unknown
Source System: HarmonyWare Translators

Hardware:
Processor: 11th Gen Intel(R) Core(TM) i7-1185G7 @ 3.00GHz
Operating System: Windows 10
Installed Memory: 31.72 GB

Software Information
Parasolid Version: 31.1.255
PSBodyShop Version: 31.1.110
Step Adapter Version: 5.0.48
Solid Edge Version: 220.00.00.104 x64

Step Import Options
Import Faceted Bodies: On
Import Check Bodies: Off
Import Curves: On
Import DoNotSave: On
Import Multiple Bodies As Single Part File: On
Import Stitch Surfaces: On
Import Boolean Solids: On
Make Base Feature: On
Simplify Geometry: On
Import Imprint Curves: On
Import Drive: C:
Import Stitch Surfaces: On
Import Surfaces: On
Import Output Path: C:\Users\rimmie\OneDrive - KTH\PhD\Course work\MF2104- Mechatronics\mechatronic-project\CAD_files
Import Enable Default Output Path: On
Import PMI: Off
Import Path: 

Translating to Parasolid data types...
+Begin Assembly: 1
+Created SE Assembly File C:\Users\rimmie\OneDrive - KTH\PhD\Course work\MF2104- Mechatronics\mechatronic-project\CAD_files\Spur Gear 28 & 29 Teeth.asm
|--+Created SE Part File C:\Users\rimmie\OneDrive - KTH\PhD\Course work\MF2104- Mechatronics\mechatronic-project\CAD_files\id31.par
|--+Created SE Part File C:\Users\rimmie\OneDrive - KTH\PhD\Course work\MF2104- Mechatronics\mechatronic-project\CAD_files\id43.par
+Total Parts: 4
+Assemblies: 0
+Solid Bodies: 4
+Sheet Bodies: 0
+End Assembly: 1
Translation process completed
Total time required to translate and post process:00 : 04 : 18
